Zuari SFT: FAIL ErrorCode=40001: BIOS_Version_Fail
              
Station: erpang-hb9qq.cisco.com
Date   : 2015-06-11 12:20:43
Version: V0.0.00(SYS-EVT)
                                
12:20:43.53 ##############################################################
12:20:43.53 Section: Set System and HW Clock
12:20:43.54 Send = date 061010302015
12:20:43.54 Rece = 
Wed Jun 10 10:30:00 HKT 2015

10:30:00.00 Send = hwclock --systohc --utc
10:30:00.00 Rece = 

10:30:00.50 TestChk => PASS: Set System and HW Clock
10:30:00.50 ##############################################################
10:30:00.50 Section: Bmc Sel Clear
10:30:00.51 Send = ipmitool sel clear
10:30:00.51 Rece = 
Clearing SEL.  Please allow a few seconds to erase.

10:30:00.61 TestChk => PASS: Bmc Sel Clear
10:30:00.61 ##############################################################
10:30:00.61 Section: Configuration Check
10:30:00.61 Send = dmidecode -s bios-version
10:30:00.61 Rece = 
# SMBIOS implementations newer than version 2.8 are not
# fully supported by this version of dmidecode.
5.12
10:30:00.61 BIOS Version number 5.6.5 is not matched to # SMBIOS implementations newer than version 2.8 are not
# fully supported by this version of dmidecode.
5.12
10:30:00.61 TestEnd => ErrorCode=40001: BIOS_Version_Fail
10:30:00.61 Tester => Test Fail: Section: Configuration Check
10:30:03.84 ##############################################################
