                                
                                
Station: localhost.localdomain
Date   : 2000-01-01 15:00:39
Version: V0.0.00(BFT1-EVT)
                                
15:00:39.98 ##############################################################
15:00:39.98 Section: Set Sati System and HW Clock
15:00:39.99 Month/Day/Hour/Minute/Year : 010115002000
15:00:39.99 Send = 
15:00:39.99 Rece = 

15:00:40.00 Send = date 010115002000
15:00:40.00 Rece = 
Sat Jan  1 15:00:00 EST 2000

15:00:00.00 Send = hwclock --systohc --utc
15:00:00.00 Rece = 

15:00:01.50 Tester Chk => OK: Set Sati System and HW Clock
15:00:01.50 ##############################################################
15:00:01.50 Section: Bmc Sel Clear
15:00:01.50 Send = ipmitool sel clear
15:00:01.50 Rece = 
Clearing SEL.  Please allow a few seconds to erase.

15:00:01.73 TestChk => PASS: Bmc Sel Clear
15:00:01.73 ##############################################################
15:00:01.73 Section: BIOS Version Check
15:00:01.73 Send = dmidecode -s bios-version
15:00:01.73 Rece = 
0.50

15:00:01.74 Version number 0.50 is matched to 0.50
15:00:01.74 Tester => OK: BIOS Version Check
15:00:01.74 ##############################################################
15:00:01.74 Section: BMC Version Check
15:00:01.74 Send = ipmitool mc info
15:00:01.74 Rece = 
Device ID                 : 32
Device Revision           : 1
Firmware Revision         : 0.60
IPMI Version              : 2.0
Manufacturer ID           : 6305
Manufacturer Name         : Unknown (0x18A1)
Product ID                : 32 (0x0020)
Product Name              : Unknown (0x20)
Device Available          : yes
Provides Device SDRs      : no
Additional Device Support :
    Sensor Device
    SDR Repository Device
    SEL Device
    FRU Inventory Device
    IPMB Event Receiver
    IPMB Event Generator
    Chassis Device
Aux Firmware Rev Info     : 
    0x0a
    0x91
    0x00
    0x01
15:00:01.76 Version number 0.60 is matched to 0.60
15:00:01.76 Tester => OK: BMC Version Check
15:00:01.76 ##############################################################
15:00:01.76 Section: Program BMC MAC and FRU
15:00:01.76 Send = ipmitool raw 0x06 0x52 0x0D 0xA0 0x00 0x1C 0x00 0x01 0x40 0xD4 0xF5 0x12 0x9D 0x00 0x00 0x01 0x40 0xD4 0xF5 0x12 0x9E 0x00 0x00
15:00:01.76 Rece = 

15:00:01.79 Send = ipmitool mc reset cold
15:00:01.79 Rece = 
Sent cold reset command to MC
15:00:26.83 Send = ipmitool lan print 1
15:00:26.83 Rece = 
Get Device ID command failed: 0xff Unspecified error
Invalid channel: 1
15:00:32.19 TestEnd => ErrorCode=90001: Program_Bmc_Mac1_Fail
15:00:32.19 Tester => Test Fail: Section: Program BMC MAC and FRU
15:00:35.40 ##############################################################
Cannonball BFT: FAIL ErrorCode=90001
