                                
                                
Station: localhost.localdomain
Date   : 2000-01-01 08:20:47
Version: V0.0.00(BFT1-EVT)
                                
08:20:47.40 ##############################################################
08:20:47.40 Section: Program BMC MAC and FRU
08:20:47.40 Send = ipmitool raw 0x06 0x52 0x0D 0xA0 0x00 0x1C 0x00 0x01 0x40 0xD4 0xF5 0x12 0x9D 0x00 0x00 0x01 0x40 0xD4 0xF5 0x12 0x9E 0x00 0x00
08:20:47.40 Rece = 

08:20:47.43 Send = ipmitool mc reset cold
08:20:47.43 Rece = 
Sent cold reset command to MC
08:20:52.19 Send = ipmitool lan print 1
08:20:52.19 Rece = 
Set in Progress         : Set Complete
Auth Type Support       : MD5
Auth Type Enable        : Callback : MD5
                        : User     : MD5 
                        : Operator : MD5 
                        : Admin    : MD5 
                        : OEM      : MD5 
IP Address Source       : DHCP Address
IP Address              : 192.168.4.143
Subnet Mask             : 255.255.255.0
MAC Address             : 14:0d:4f:51:2a:65
SNMP Community String   : AMI
IP Header               : TTL=0x40 Flags=0x40 Precedence=0x00 TOS=0x10
BMC ARP Control         : ARP Responses Enabled, Gratuitous ARP Disabled
Gratituous ARP Intrvl   : 0.0 seconds
Default Gateway IP      : 0.0.0.0
Default Gateway MAC     : 00:00:00:00:00:00
Backup Gateway IP       : 0.0.0.0
Backup Gateway MAC      : 00:00:00:00:00:00
802.1q VLAN ID          : Disabled
802.1q VLAN Priority    : 0
RMCP+ Cipher Suites     : 0,1,2,3,6,7,8,11,12,15,16,17
Cipher Suite Priv Max   : caaaaaaaaaaaXXX
                        :     X=Cipher Suite Unused
                        :     c=CALLBACK
                        :     u=USER
                        :     o=OPERATOR
                        :     a=ADMIN
                        :     O=OEM
08:20:52.25 TestEnd => ErrorCode=90001: Program_Bmc_Mac1_Fail
08:20:52.26 Tester => Test Fail: Section: Program BMC MAC and FRU
08:20:53.41 ##############################################################
Cannonball BFT: FAIL ErrorCode=90001
08:20:55.27 Send = shutdown now
08:20:55.27 Rece = 
