                                
                                
Station: localhost.localdomain
Date   : 2000-01-01 14:22:03
Version: V0.0.00(BFT1-EVT)
                                
14:22:03.38 ##############################################################
14:22:03.38 Section: Set Sati System and HW Clock
14:22:03.38 Month/Day/Hour/Minute/Year : 010114222000
14:22:03.39 Send = 
14:22:03.39 Rece = 

14:22:03.39 Send = date 010114222000
14:22:03.39 Rece = 
Sat Jan  1 14:22:00 EST 2000

14:22:00.00 Send = hwclock --systohc --utc
14:22:00.00 Rece = 

14:22:01.50 Tester Chk => OK: Set Sati System and HW Clock
14:22:01.50 ##############################################################
14:22:01.50 Section: Bmc Sel Clear
14:22:01.50 Send = ipmitool sel clear
14:22:01.50 Rece = 
Clearing SEL.  Please allow a few seconds to erase.

14:22:01.74 TestChk => PASS: Bmc Sel Clear
14:22:01.74 ##############################################################
14:22:01.74 Section: BIOS Version Check
14:22:01.74 Send = dmidecode -s bios-version
14:22:01.74 Rece = 
0.50

14:22:01.75 Version number 0.50 is matched to 0.50
14:22:01.75 Tester => OK: BIOS Version Check
14:22:01.75 ##############################################################
14:22:01.75 Section: BMC Version Check
14:22:01.75 Send = ipmitool mc info
14:22:01.75 Rece = 
Device ID                 : 32
Device Revision           : 1
Firmware Revision         : 0.60
IPMI Version              : 2.0
Manufacturer ID           : 6305
Manufacturer Name         : Unknown (0x18A1)
Product ID                : 32 (0x0020)
Product Name              : Unknown (0x20)
Device Available          : yes
Provides Device SDRs      : no
Additional Device Support :
    Sensor Device
    SDR Repository Device
    SEL Device
    FRU Inventory Device
    IPMB Event Receiver
    IPMB Event Generator
    Chassis Device
Aux Firmware Rev Info     : 
    0x0a
    0x91
    0x00
    0x01
14:22:01.77 Version number 0.02 is not matched to 0.60
14:22:01.77 TestEnd => ErrorCode=30011: Version_Fail
14:22:01.77 Tester => Test Fail: Section: BMC Version Check
14:22:05.16 ##############################################################
Cannonball BFT: FAIL ErrorCode=30011
