Zuari SFT: FAIL ErrorCode=40001: BIOS_Version_Fail
              
Station: erpang-hb9qq.cisco.com
Date   : 2017-06-17 01:15:17
Version: V0.0.00(SYS-EVT)
                                
01:15:17.22 ##############################################################
01:15:17.22 Section: Set System and HW Clock
01:15:17.23 Send = date 061010302015
01:15:17.23 Rece = 
Wed Jun 10 10:30:00 HKT 2015

10:30:00.00 Send = hwclock --systohc --utc
10:30:00.00 Rece = 

10:30:00.50 TestChk => PASS: Set System and HW Clock
10:30:00.50 ##############################################################
10:30:00.50 Section: Bmc Sel Clear
10:30:00.50 Send = ipmitool sel clear
10:30:00.50 Rece = 
Clearing SEL.  Please allow a few seconds to erase.

10:30:00.59 TestChk => PASS: Bmc Sel Clear
10:30:00.59 ##############################################################
10:30:00.59 Section: Configuration Check
10:30:00.60 Send = dmidecode -s bios-version
10:30:00.60 Rece = 
# SMBIOS implementations newer than version 2.8 are not
# fully supported by this version of dmidecode.
5.12
10:30:00.60 BIOS Version number 5.6.5 is not matched to # SMBIOS implementations newer than version 2.8 are not
# fully supported by this version of dmidecode.
5.12
10:30:00.60 TestEnd => ErrorCode=40001: BIOS_Version_Fail
10:30:00.60 Tester => Test Fail: Section: Configuration Check
10:30:03.18 ##############################################################
