                                
                                
Station: localhost.localdomain
Date   : 1999-12-31 19:44:05
Version: V0.0.00(BFT1-EVT)
                                
19:44:05.97 ##############################################################
19:44:05.97 Section: Set Sati System and HW Clock
19:44:05.98 Month/Day/Hour/Minute/Year : 123119441999
19:44:05.98 Send = 
19:44:05.98 Rece = 

19:44:05.98 Send = date 123119441999
19:44:05.98 Rece = 
Fri Dec 31 19:44:00 EST 1999

19:44:00.00 Send = hwclock --systohc --utc
19:44:00.00 Rece = 

19:44:00.50 Tester Chk => OK: Set Sati System and HW Clock
19:44:00.50 ##############################################################
19:44:00.50 Section: Bmc Sel Clear
19:44:00.50 Send = ipmitool sel clear
19:44:00.50 Rece = 
Clearing SEL.  Please allow a few seconds to erase.

19:44:00.70 TestChk => PASS: Bmc Sel Clear
19:44:00.70 ##############################################################
19:44:00.70 Section: BIOS Version Check
19:44:00.70 Send = dmidecode -s bios-version
19:44:00.70 Rece = 
0.50

19:44:00.71 Version number 0.50 is matched to 0.50
19:44:00.71 Tester => OK: BIOS Version Check
19:44:00.71 ##############################################################
19:44:00.71 Section: BMC Version Check
19:44:00.71 Send = ipmitool mc info
19:44:00.71 Rece = 
Device ID                 : 32
Device Revision           : 1
Firmware Revision         : 0.60
IPMI Version              : 2.0
Manufacturer ID           : 6305
Manufacturer Name         : Unknown (0x18A1)
Product ID                : 32 (0x0020)
Product Name              : Unknown (0x20)
Device Available          : yes
Provides Device SDRs      : no
Additional Device Support :
    Sensor Device
    SDR Repository Device
    SEL Device
    FRU Inventory Device
    IPMB Event Receiver
    IPMB Event Generator
    Chassis Device
Aux Firmware Rev Info     : 
    0x0a
    0x91
    0x00
    0x01
19:44:00.76 Version number 0.60 is matched to 0.60
19:44:00.76 Tester => OK: BMC Version Check
19:44:00.76 ##############################################################
19:44:00.76 Section: Program BMC MAC and FRU
19:44:00.76 Send = ipmitool raw 0x06 0x52 0x0D 0xA0 0x00 0x1C 0x00 0x14 0x0D 0x4F 0x51 0x29 0x91 0x00 0x00 0x14 0x0D 0x4F 0x51 0x29 0x92 0x00 0x00
19:44:00.76 Rece = 

19:44:00.80 Send = ipmitool mc reset cold
19:44:00.80 Rece = 
Sent cold reset command to MC

19:44:25.79 Send = ipmitool lan print 1
19:44:25.79 Rece = 
Get Device ID command failed: 0xff Unspecified error
Invalid channel: 1
19:44:27.54 TestEnd => ErrorCode=90001: Program_Bmc_Mac1_Fail
19:44:27.54 Tester => Test Fail: Section: Program BMC MAC and FRU
19:44:28.75 ##############################################################
Cannonball BFT: FAIL ErrorCode=90001
