                                
                                
Station: localhost.localdomain
Date   : 1999-12-31 19:42:53
Version: V0.0.00(BFT1-EVT)
                                
19:42:53.64 ##############################################################
19:42:53.64 Section: Set Sati System and HW Clock
19:42:53.64 Month/Day/Hour/Minute/Year : 123119421999
19:42:53.64 Send = 
19:42:53.64 Rece = 

19:42:53.65 Send = date 123119421999
19:42:53.65 Rece = 
Fri Dec 31 19:42:00 EST 1999
19:42:00.00 Send = hwclock --systohc --utc
19:42:00.00 Rece = 

19:42:01.50 Tester Chk => OK: Set Sati System and HW Clock
19:42:01.50 ##############################################################
19:42:01.50 Section: Bmc Sel Clear
19:42:01.50 Send = ipmitool sel clear
19:42:01.50 Rece = 
Clearing SEL.  Please allow a few seconds to erase.

19:42:01.67 TestChk => PASS: Bmc Sel Clear
19:42:01.67 ##############################################################
19:42:01.67 Section: BIOS Version Check
19:42:01.67 Send = dmidecode -s bios-version
19:42:01.67 Rece = 
0.50

19:42:01.68 Version number 0.50 is matched to 0.50
19:42:01.68 Tester => OK: BIOS Version Check
19:42:01.68 ##############################################################
19:42:01.68 Section: BMC Version Check
19:42:01.68 Send = ipmitool mc info
19:42:01.68 Rece = 
Device ID                 : 32
Device Revision           : 1
Firmware Revision         : 0.60
IPMI Version              : 2.0
Manufacturer ID           : 6305
Manufacturer Name         : Unknown (0x18A1)
Product ID                : 32 (0x0020)
Product Name              : Unknown (0x20)
Device Available          : yes
Provides Device SDRs      : no
Additional Device Support :
    Sensor Device
    SDR Repository Device
    SEL Device
    FRU Inventory Device
    IPMB Event Receiver
    IPMB Event Generator
    Chassis Device
Aux Firmware Rev Info     : 
    0x0a
    0x91
    0x00
    0x01
19:42:01.70 Version number 0.60 is matched to 0.60
19:42:01.70 Tester => OK: BMC Version Check
19:42:01.70 ##############################################################
19:42:01.70 Section: Program BMC MAC and FRU
19:42:01.70 Send = ipmitool raw 0x06 0x52 0x0D 0xA0 0x00 0x1C 0x00 0x14 0x0D 0x4F 0x51 0x29 0x91 0x00 0x00 0x14 0x0D 0x4F 0x51 0x29 0x92 0x00 0x00
19:42:01.70 Rece = 

19:42:01.73 Send = ipmitool mc reset cold
19:42:01.73 Rece = 
Sent cold reset command to MC
19:42:36.79 Send = ipmitool lan print 1
19:42:36.79 Rece = 
Set in Progress         : Set Complete
Auth Type Support       : MD5
Auth Type Enable        : Callback : MD5 
                        : User     : MD5 
                        : Operator : MD5 
                        : Admin    : MD5 
                        : OEM      : MD5 
IP Address Source       : DHCP Address
IP Address              : 0.0.0.0
Subnet Mask             : 0.0.0.0
MAC Address             : 14:0d:4f:51:29:91
SNMP Community String   : AMI
IP Header               : TTL=0x40 Flags=0x40 Precedence=0x00 TOS=0x10
BMC ARP Control         : ARP Responses Enabled, Gratuitous ARP Disabled
Gratituous ARP Intrvl   : 0.0 seconds
Default Gateway IP      : 0.0.0.0
Default Gateway MAC     : 00:00:00:00:00:00
Backup Gateway IP       : 0.0.0.0
Backup Gateway MAC      : 00:00:00:00:00:00
802.1q VLAN ID          : Disabled
802.1q VLAN Priority    : 0
RMCP+ Cipher Suites     : 0,1,2,3,6,7,8,11,12,15,16,17
Cipher Suite Priv Max   : caaaaaaaaaaaXXX
                        :     X=Cipher Suite Unused
                        :     c=CALLBACK
                        :     u=USER
                        :     o=OPERATOR
                        :     a=ADMIN
                        :     O=OEM
19:42:36.93 Send = ipmitool lan print 8
19:42:36.93 Rece = 
Set in Progress         : Set Complete
Auth Type Support       : MD5 
Auth Type Enable        : Callback : MD5 
                        : User     : MD5 
                        : Operator : MD5 
                        : Admin    : MD5 
                        : OEM      : MD5 
IP Address Source       : DHCP Address
IP Address              : 0.0.0.0
Subnet Mask             : 0.0.0.0
MAC Address             : 14:0d:4f:51:29:92
SNMP Community String   : AMI
IP Header               : TTL=0x40 Flags=0x40 Precedence=0x00 TOS=0x10
BMC ARP Control         : ARP Responses Enabled, Gratuitous ARP Disabled
Gratituous ARP Intrvl   : 0.0 seconds
Default Gateway IP      : 0.0.0.0
Default Gateway MAC     : 00:00:00:00:00:00
Backup Gateway IP       : 0.0.0.0
Backup Gateway MAC      : 00:00:00:00:00:00
802.1q VLAN ID          : Disabled
802.1q VLAN Priority    : 0
RMCP+ Cipher Suites     : 0,1,2,3,6,7,8,11,12,15,16,17
Cipher Suite Priv Max   : caaaaaaaaaaaXXX
                        :     X=Cipher Suite Unused
                        :     c=CALLBACK
                        :     u=USER
                        :     o=OPERATOR
                        :     a=ADMIN
                        :     O=OEM
19:42:37.03 Send = ipmitool raw 0x0a 0x12 0x00 0x00 0x00 0x01 0x00 0x00 0x00 0x00 0x00 0x00 0xff
19:42:37.03 Rece = 
 08
19:42:37.07 Send = ipmitool raw 0x0a 0x12 0x01 0x00 0x00 0x01 0x00 0x00 0x00 0x00 0x01 0x00 0xFE 0xC1 0x82 0x00 0x00 0xBD
19:42:37.07 Rece = 
 0d
19:42:37.12 Send = ipmitool raw 0x0a 0x11 0x00 0x00 0x00 0x08
19:42:37.12 Rece = 
 08 01 00 00 00 00 00 00 ff
19:42:37.16 Send = ipmitool raw 0x0a 0x11 0x01 0x00 0x00 0x0D
19:42:37.16 Rece = 
 0d 01 00 00 00 00 01 00 fe c1 82 00 00 bd
19:42:37.19 Tester => OK: Program BMC MAC and FRU
19:42:37.19 ##############################################################
19:42:37.19 Section: Status, ID and Fault LEDs Check
19:42:37.19 Send = ipmitool raw 0x30 0xF3 0x02 0xFF 0x64
19:42:37.19 Rece = 

19:42:40.50 TestEnd => ErrorCode=42020: ID_Blue_Led_Fail
19:42:40.50 Tester => Test Fail: Section: Status, ID and Fault LEDs Check
19:42:41.72 ##############################################################
Cannonball BFT: FAIL ErrorCode=42020
