                                
                                
Station: localhost.localdomain
Date   : 2000-01-02 19:17:44
Version: V0.0.00(BFT1-EVT)
                                
19:17:44.98 ##############################################################
19:17:44.98 Section: Program BMC MAC and FRU
19:17:44.98 Send = ipmitool raw 0x06 0x52 0x0D 0xA0 0x00 0x1C 0x00 0x14 0x0D 0x4F 0x51 0x29 0x87 0x00 0x00 0x14 0x0D 0x4F 0x51 0x29 0x88 0x00 0x00
19:17:44.98 Rece = 

19:17:45.02 Send = ipmitool mc reset cold
19:17:45.02 Rece = 
Sent cold reset command to MC
19:18:20.09 Send = ipmitool lan print 1
19:18:20.09 Rece = 
Set in Progress         : Set Complete
Auth Type Support       : MD5 
Auth Type Enable        : Callback : MD5 
                        : User     : MD5 
                        : Operator : MD5 
                        : Admin    : MD5 
                        : OEM      : MD5 
IP Address Source       : DHCP Address
IP Address              : 0.0.0.0
Subnet Mask             : 0.0.0.0
MAC Address             : 14:0d:4f:51:29:87
SNMP Community String   : AMI
IP Header               : TTL=0x40 Flags=0x40 Precedence=0x00 TOS=0x10
BMC ARP Control         : ARP Responses Enabled, Gratuitous ARP Disabled
Gratituous ARP Intrvl   : 0.0 seconds
Default Gateway IP      : 0.0.0.0
Default Gateway MAC     : 00:00:00:00:00:00
Backup Gateway IP       : 0.0.0.0
Backup Gateway MAC      : 00:00:00:00:00:00
802.1q VLAN ID          : Disabled
802.1q VLAN Priority    : 0
RMCP+ Cipher Suites     : 0,1,2,3,6,7,8,11,12,15,16,17
Cipher Suite Priv Max   : caaaaaaaaaaaXXX
                        :     X=Cipher Suite Unused
                        :     c=CALLBACK
                        :     u=USER
                        :     o=OPERATOR
                        :     a=ADMIN
                        :     O=OEM
19:18:20.21 Send = ipmitool lan print 8
19:18:20.21 Rece = 
Set in Progress         : Set Complete
Auth Type Support       : MD5 
Auth Type Enable        : Callback : MD5 
                        : User     : MD5 
                        : Operator : MD5 
                        : Admin    : MD5 
                        : OEM      : MD5 
IP Address Source       : DHCP Address
IP Address              : 0.0.0.0
Subnet Mask             : 0.0.0.0
MAC Address             : 14:0d:4f:51:29:88
SNMP Community String   : AMI
IP Header               : TTL=0x40 Flags=0x40 Precedence=0x00 TOS=0x10
BMC ARP Control         : ARP Responses Enabled, Gratuitous ARP Disabled
Gratituous ARP Intrvl   : 0.0 seconds
Default Gateway IP      : 0.0.0.0
Default Gateway MAC     : 00:00:00:00:00:00
Backup Gateway IP       : 0.0.0.0
Backup Gateway MAC      : 00:00:00:00:00:00
802.1q VLAN ID          : Disabled
802.1q VLAN Priority    : 0
RMCP+ Cipher Suites     : 0,1,2,3,6,7,8,11,12,15,16,17
Cipher Suite Priv Max   : caaaaaaaaaaaXXX
                        :     X=Cipher Suite Unused
                        :     c=CALLBACK
                        :     u=USER
                        :     o=OPERATOR
                        :     a=ADMIN
                        :     O=OEM
19:18:20.36 Send = ipmitool raw 0x0a 0x12 0x00 0x00 0x00 0x01 0x00 0x00 0x00 0x00 0x00 0x00 0xff
19:18:20.36 Rece = 
 08
19:18:20.41 Send = ipmitool raw 0x0a 0x12 0x01 0x00 0x00 0x01 0x00 0x00 0x00 0x00 0x01 0x00 0xFE 0xC1 0x82 0x00 0x00 0xBD
19:18:20.41 Rece = 
 0d
19:18:20.45 Send = ipmitool raw 0x0a 0x11 0x00 0x00 0x00 0x08
19:18:20.45 Rece = 
 08 01 00 00 00 00 00 00 ff
19:18:20.49 Send = ipmitool raw 0x0a 0x11 0x01 0x00 0x00 0x0D
19:18:20.49 Rece = 
 0d 01 00 00 00 00 01 00 fe c1 82 00 00 bd

19:18:20.52 Tester => OK: Program BMC MAC and FRU
19:18:20.53 ##############################################################
19:18:20.53 Section: USB Check
19:18:20.53 Send = /root/CBFT/tools/storage-tool-64 -pciid 8086:a1af -usbpath 0:2:1.0 -devicecount 1 -action info
19:18:20.53 Rece = 
Storage test tool
Version 2.5 Copyright Flextronics Penang

Info: Total device count is 0
Error: Device count mismatch
Info: Possible reason: usb path 0:2:1.0 missing
19:18:20.58 Send = /root/CBFT/tools/storage-tool-64 -pciid 8086:a1af -usbpath 0:3:1.0 -devicecount 1 -action info
19:18:20.58 Rece = 
Storage test tool
Version 2.5 Copyright Flextronics Penang

Info: Total device count is 0
Error: Device count mismatch
Info: Possible reason: usb path 0:3:1.0 missing
19:18:20.62 Send = /root/CBFT/tools/storage-tool-64 -pciid 8086:a1af -usbpath 0:4:1.0 -devicecount 1 -action info
19:18:20.62 Rece = 
Storage test tool
Version 2.5 Copyright Flextronics Penang

Info: Total device count is 0
Error: Device count mismatch
Info: Possible reason: usb path 0:4:1.0 missing
19:18:23.69 Send = /root/CBFT/tools/storage-tool-64 -pciid 8086:a1af -usbpath 0:2:1.0 -devicecount 1 -action info
19:18:23.69 Rece = 
Storage test tool
Version 2.5 Copyright Flextronics Penang

Info: Total device count is 0
Error: Device count mismatch
Info: Possible reason: usb path 0:2:1.0 missing
19:18:23.73 Send = /root/CBFT/tools/storage-tool-64 -pciid 8086:a1af -usbpath 0:3:1.0 -devicecount 1 -action info
19:18:23.73 Rece = 
Storage test tool
Version 2.5 Copyright Flextronics Penang

Info: Total device count is 0
Error: Device count mismatch
Info: Possible reason: usb path 0:3:1.0 missing
19:18:23.77 Send = /root/CBFT/tools/storage-tool-64 -pciid 8086:a1af -usbpath 0:4:1.0 -devicecount 1 -action info
19:18:23.77 Rece = 
Storage test tool
Version 2.5 Copyright Flextronics Penang

Info: Total device count is 0
Error: Device count mismatch
Info: Possible reason: usb path 0:4:1.0 missing
19:18:25.26 Send = /root/CBFT/tools/storage-tool-64 -pciid 8086:a1af -usbpath 0:2:1.0 -devicecount 1 -action info
19:18:25.26 Rece = 
Storage test tool
Version 2.5 Copyright Flextronics Penang

Info: Total device count is 0
Error: Device count mismatch
Info: Possible reason: usb path 0:2:1.0 missing
19:18:25.30 Send = /root/CBFT/tools/storage-tool-64 -pciid 8086:a1af -usbpath 0:3:1.0 -devicecount 1 -action info
19:18:25.30 Rece = 
Storage test tool
Version 2.5 Copyright Flextronics Penang

Info: Total device count is 0
Error: Device count mismatch
Info: Possible reason: usb path 0:3:1.0 missing
19:18:25.34 Send = /root/CBFT/tools/storage-tool-64 -pciid 8086:a1af -usbpath 0:4:1.0 -devicecount 1 -action info
19:18:25.34 Rece = 
Storage test tool
Version 2.5 Copyright Flextronics Penang

Info: Total device count is 0
Error: Device count mismatch
Info: Possible reason: usb path 0:4:1.0 missing
19:18:32.64 Send = /root/CBFT/tools/storage-tool-64 -pciid 8086:a1af -usbpath 0:2:1.0 -devicecount 1 -action info
19:18:32.64 Rece = 
Storage test tool
Version 2.5 Copyright Flextronics Penang

Info: Total device count is 0
Error: Device count mismatch
Info: Possible reason: usb path 0:2:1.0 missing
19:18:32.68 Send = /root/CBFT/tools/storage-tool-64 -pciid 8086:a1af -usbpath 0:3:1.0 -devicecount 1 -action info
19:18:32.68 Rece = 
Storage test tool
Version 2.5 Copyright Flextronics Penang

Info: Total device count is 0
Error: Device count mismatch
Info: Possible reason: usb path 0:3:1.0 missing
19:18:32.71 Send = /root/CBFT/tools/storage-tool-64 -pciid 8086:a1af -usbpath 0:4:1.0 -devicecount 1 -action info
19:18:32.71 Rece = 
Storage test tool
Version 2.5 Copyright Flextronics Penang

Info: Total device count is 0
Error: Device count mismatch
Info: Possible reason: usb path 0:4:1.0 missing
19:19:22.04 Send = /root/CBFT/tools/storage-tool-64 -pciid 8086:a1af -usbpath 0:2:1.0 -devicecount 1 -action info
19:19:22.04 Rece = 
Storage test tool
Version 2.5 Copyright Flextronics Penang

Device info for /dev/sg0
  Removable
  Host#=14
  Bus#=0
  SCSI Id#=0
  LUN#=0
  Type=0
  Size=3992977408 bytes, 3808.0 MiB, 3.99 GB
  Block device=/dev/sda
  Vendor=Kingmax
  Product=USB2.0 FlashDisk
  Revision=1100
  Controller=Intel Corporation Lewisburg USB 3.0 xHCI Controller
  Controller PCI vendorID:deviceID=8086:a1af
  Controller PCI path=0000:00:14.0
  Controller USB path=0:2:1.0
  Controller SCSI path=0:0:0:0
****************************
*** Device count matches ***
****************************
19:19:22.21 Send = /root/CBFT/tools/storage-tool-64 -pciid 8086:a1af -usbpath 0:3:1.0 -devicecount 1 -action info
19:19:22.21 Rece = 
Storage test tool
Version 2.5 Copyright Flextronics Penang

Info: Total device count is 0
Error: Device count mismatch
Info: Possible reason: usb path 0:3:1.0 missing
19:19:22.39 Send = /root/CBFT/tools/storage-tool-64 -pciid 8086:a1af -usbpath 0:4:1.0 -devicecount 1 -action info
19:19:22.39 Rece = 
Storage test tool
Version 2.5 Copyright Flextronics Penang

Device info for /dev/sg1
  Removable
  Host#=15
  Bus#=0
  SCSI Id#=0
  LUN#=0
  Type=0
  Size=4037017600 bytes, 3850.0 MiB, 4.04 GB
  Block device=/dev/sdb
  Vendor=Kingmax
  Product=USB2.0 FlashDisk
  Revision=1100
  Controller=Intel Corporation Lewisburg USB 3.0 xHCI Controller
  Controller PCI vendorID:deviceID=8086:a1af
  Controller PCI path=0000:00:14.0
  Controller USB path=0:4:1.0
  Controller SCSI path=0:0:0:0
****************************
*** Device count matches ***
****************************
19:19:22.55 USB2 Not Found
19:19:22.55 Tester => Test Fail: Section: USB Check
19:19:30.97 ##############################################################
Cannonball BFT: FAIL ErrorCode=23099
