                                
                                
Station: localhost.localdomain
Date   : 1999-12-31 19:13:18
Version: V0.0.00(BFT1-EVT)
                                
19:13:18.05 ##############################################################
19:13:18.05 Section: Set Sati System and HW Clock
19:13:18.05 Month/Day/Hour/Minute/Year : 123119131999
19:13:18.06 Send = 
19:13:18.06 Rece = 

19:13:18.06 Send = date 123119131999
19:13:18.06 Rece = 
Fri Dec 31 19:13:00 EST 1999

19:13:00.00 Send = hwclock --systohc --utc
19:13:00.00 Rece = 

19:13:00.50 Tester Chk => OK: Set Sati System and HW Clock
19:13:00.50 ##############################################################
19:13:00.50 Section: Bmc Sel Clear
19:13:00.51 Send = ipmitool sel clear
19:13:00.51 Rece = 
Clearing SEL.  Please allow a few seconds to erase.

19:13:00.77 TestChk => PASS: Bmc Sel Clear
19:13:00.77 ##############################################################
19:13:00.77 Section: BIOS Version Check
19:13:00.77 Send = dmidecode -s bios-version
19:13:00.77 Rece = 
0.50

19:13:00.78 Version number 0.50 is matched to 0.50
19:13:00.78 Tester => OK: BIOS Version Check
19:13:00.78 ##############################################################
19:13:00.78 Section: BMC Version Check
19:13:00.78 Send = ipmitool mc info
19:13:00.78 Rece = 
Device ID                 : 32
Device Revision           : 1
Firmware Revision         : 0.60
IPMI Version              : 2.0
Manufacturer ID           : 6305
Manufacturer Name         : Unknown (0x18A1)
Product ID                : 32 (0x0020)
Product Name              : Unknown (0x20)
Device Available          : yes
Provides Device SDRs      : no
Additional Device Support :
    Sensor Device
    SDR Repository Device
    SEL Device
    FRU Inventory Device
    IPMB Event Receiver
    IPMB Event Generator
    Chassis Device
Aux Firmware Rev Info     : 
    0x0a
    0x91
    0x00
    0x01
19:13:00.83 Version number 0.60 is matched to 0.60
19:13:00.83 Tester => OK: BMC Version Check
19:13:00.83 ##############################################################
19:13:00.83 Section: Program BMC MAC and FRU
19:13:00.84 Send = ipmitool raw 0x06 0x52 0x0D 0xA0 0x00 0x1C 0x00 0x14 0x0D 0x4F 0x51 0x29 0x91 0x00 0x00 0x14 0x0D 0x4F 0x51 0x29 0x92 0x00 0x00
19:13:00.84 Rece = 

19:13:00.86 Send = ipmitool mc reset cold
19:13:00.86 Rece = 
Sent cold reset command to MC
19:13:06.50 Send = ipmitool lan print 1
19:13:06.50 Rece = 
Set in Progress         : Set Complete
Auth Type Support       : MD5
Auth Type Enable        : Callback : MD5 
                        : User     : MD5 
                        : Operator : MD5 
                        : Admin    : MD5 
                        : OEM      : MD5 
IP Address Source       : DHCP Address
IP Address              : 192.168.4.45
Subnet Mask             : 255.255.255.0
MAC Address             : 14:0d:4f:51:29:bb
SNMP Community String   : AMI
IP Header               : TTL=0x40 Flags=0x40 Precedence=0x00 TOS=0x10
BMC ARP Control         : ARP Responses Enabled, Gratuitous ARP Disabled
Gratituous ARP Intrvl   : 0.0 seconds
Default Gateway IP      : 0.0.0.0
Default Gateway MAC     : 00:00:00:00:00:00
Backup Gateway IP       : 0.0.0.0
Backup Gateway MAC      : 00:00:00:00:00:00
802.1q VLAN ID          : Disabled
802.1q VLAN Priority    : 0
RMCP+ Cipher Suites     : 0,1,2,3,6,7,8,11,12,15,16,17
Cipher Suite Priv Max   : caaaaaaaaaaaXXX
                        :     X=Cipher Suite Unused
                        :     c=CALLBACK
                        :     u=USER
                        :     o=OPERATOR
                        :     a=ADMIN
                        :     O=OEM
19:13:06.57 TestEnd => ErrorCode=90001: Program_Bmc_Mac1_Fail
19:13:06.57 Tester => Test Fail: Section: Program BMC MAC and FRU
19:13:08.18 ##############################################################
Cannonball BFT: FAIL ErrorCode=90001
