                                
                                
Station: localhost.localdomain
Date   : 2000-01-01 10:52:42
Version: V0.0.00(BFT1-EVT)
                                
10:52:42.08 ##############################################################
10:52:42.08 Section: Set Sati System and HW Clock
10:52:42.08 Month/Day/Hour/Minute/Year : 010110522000
10:52:42.09 Send = 
10:52:42.09 Rece = 

10:52:42.09 Send = date 010110522000
10:52:42.09 Rece = 
Sat Jan  1 10:52:00 CST 2000

10:52:00.00 Send = hwclock --systohc --utc
10:52:00.00 Rece = 

10:52:00.50 Tester Chk => OK: Set Sati System and HW Clock
10:52:00.50 ##############################################################
10:52:00.50 Section: Bmc Sel Clear
10:52:00.51 Send = ipmitool sel clear
10:52:00.51 Rece = 
Could not open device at /dev/ipmi0 or /dev/ipmi/0 or /dev/ipmidev/0: No such file or directory
10:52:00.51 TestChk => PASS: Bmc Sel Clear
10:52:00.51 ##############################################################
10:52:00.51 Section: BIOS Version Check
10:52:00.51 Send = dmidecode -s bios-version
10:52:00.51 Rece = 
0.50

10:52:00.51 Version number 0.50 is matched to 0.50
10:52:00.51 Tester => OK: BIOS Version Check
10:52:00.51 ##############################################################
10:52:00.51 Section: BMC Version Check
10:52:00.52 Send = ipmitool mc info
10:52:00.52 Rece = 
Could not open device at /dev/ipmi0 or /dev/ipmi/0 or /dev/ipmidev/0: No such file or directory
10:52:00.52 TestEnd => ErrorCode=30011: Version_Fail
10:52:00.52 Tester => Test Fail: Section: BMC Version Check
10:52:30.07 ##############################################################
Cannonball BFT: FAIL ErrorCode=30011
