                                
                                
Station: localhost.localdomain
Date   : 2000-01-01 08:35:16
Version: V0.0.00(BFT1-EVT)
                                
08:35:16.22 ##############################################################
08:35:16.22 Section: Set Sati System and HW Clock
08:35:16.22 Month/Day/Hour/Minute/Year : 010108352000
08:35:16.22 Send = 
08:35:16.22 Rece = 

08:35:16.23 Send = date 010108352000
08:35:16.23 Rece = 
Sat Jan  1 08:35:00 CST 2000
08:35:00.00 Send = hwclock --systohc --utc
08:35:00.00 Rece = 

08:35:00.50 Tester Chk => OK: Set Sati System and HW Clock
08:35:00.50 ##############################################################
08:35:00.50 Section: Bmc Sel Clear
08:35:00.50 Send = ipmitool sel clear
08:35:00.50 Rece = 
Clearing SEL.  Please allow a few seconds to erase.

08:35:00.75 TestChk => PASS: Bmc Sel Clear
08:35:00.75 ##############################################################
08:35:00.76 Section: BIOS Version Check
08:35:00.76 Send = dmidecode -s bios-version
08:35:00.76 Rece = 
0.50

08:35:00.76 Version number 0.50 is matched to 0.50
08:35:00.76 Tester => OK: BIOS Version Check
08:35:00.76 ##############################################################
08:35:00.76 Section: BMC Version Check
08:35:00.76 Send = ipmitool mc info
08:35:00.76 Rece = 
Device ID                 : 32
Device Revision           : 1
Firmware Revision         : 0.50
IPMI Version              : 2.0
Manufacturer ID           : 6305
Manufacturer Name         : Unknown (0x18A1)
Product ID                : 32 (0x0020)
Product Name              : Unknown (0x20)
Device Available          : yes
Provides Device SDRs      : no
Additional Device Support :
    Sensor Device
    SDR Repository Device
    SEL Device
    FRU Inventory Device
    IPMB Event Receiver
    IPMB Event Generator
    Chassis Device
Aux Firmware Rev Info     : 
    0x0a
    0x91
    0x00
    0x01
08:35:00.79 Version number 0.60 is not matched to 0.50
08:35:00.79 TestEnd => ErrorCode=30011: Version_Fail
08:35:00.79 Tester => Test Fail: Section: BMC Version Check
08:35:04.76 ##############################################################
Cannonball BFT: FAIL ErrorCode=30011
08:35:05.84 Send = shutdown now
08:35:05.84 Rece = 
