                                
                                
Station: localhost.localdomain
Date   : 2000-01-01 14:18:18
Version: V0.0.00(BFT1-EVT)
                                
14:18:18.24 ##############################################################
14:18:18.24 Section: Set Sati System and HW Clock
14:18:18.25 Month/Day/Hour/Minute/Year : 010114182000
14:18:18.25 Send = 
14:18:18.25 Rece = 

14:18:18.25 Send = date 010114182000
14:18:18.25 Rece = 
Sat Jan  1 14:18:00 EST 2000

14:18:00.00 Send = hwclock --systohc --utc
14:18:00.00 Rece = 

14:18:01.50 Tester Chk => OK: Set Sati System and HW Clock
14:18:01.50 ##############################################################
14:18:01.50 Section: Bmc Sel Clear
14:18:01.50 Send = ipmitool sel clear
14:18:01.50 Rece = 
Clearing SEL.  Please allow a few seconds to erase.

14:18:01.66 TestChk => PASS: Bmc Sel Clear
14:18:01.66 ##############################################################
14:18:01.66 Section: BIOS Version Check
14:18:01.66 Send = dmidecode -s bios-version
14:18:01.66 Rece = 
0.50

14:18:01.66 Version number 5.12 is not matched to 0.50
