                                
                                
Station: localhost.localdomain
Date   : 2000-01-01 14:12:07
Version: V0.0.00(BFT1-EVT)
                                
14:12:07.08 ##############################################################
14:12:07.08 Section: Set Sati System and HW Clock
14:12:07.08 Month/Day/Hour/Minute/Year : 010114122000
14:12:07.09 Send = 
14:12:07.09 Rece = 

14:12:07.09 Send = date 010114122000
14:12:07.09 Rece = 
Sat Jan  1 14:12:00 EST 2000

14:12:00.00 Send = hwclock --systohc --utc
14:12:00.00 Rece = 

14:12:01.50 Tester Chk => OK: Set Sati System and HW Clock
14:12:01.50 ##############################################################
14:12:01.50 Section: Bmc Sel Clear
14:12:01.50 Send = ipmitool sel clear
14:12:01.50 Rece = 
Clearing SEL.  Please allow a few seconds to erase.

14:12:01.66 TestChk => PASS: Bmc Sel Clear
14:12:01.66 ##############################################################
14:12:01.66 Section: BIOS Version Check
14:12:01.66 Send = dmidecode -s bios-version
14:12:01.66 Rece = 
0.50

14:12:01.66 Version number 5.12 is not matched to 0.50
