                                
                                
Station: localhost.localdomain
Date   : 2017-10-17 03:08:35
Version: V0.0.00(BFT1-EVT)
                                
03:08:35.10 ##############################################################
03:08:35.10 Section: Set Sati System and HW Clock
03:08:35.11 Month/Day/Hour/Minute/Year : 101703082017
03:08:35.11 Send = 
03:08:35.11 Rece = 

03:08:35.11 Send = date 101703082017
03:08:35.11 Rece = 
Tue Oct 17 03:08:00 EDT 2017

03:08:00.00 Send = hwclock --systohc --utc
03:08:00.00 Rece = 

03:08:01.50 Tester Chk => OK: Set Sati System and HW Clock
03:08:01.50 ##############################################################
03:08:01.50 Section: Bmc Sel Clear
03:08:01.50 Send = ipmitool sel clear
03:08:01.50 Rece = 
Clearing SEL.  Please allow a few seconds to erase.

03:08:01.60 TestChk => PASS: Bmc Sel Clear
03:08:01.60 ##############################################################
03:08:01.60 Section: BIOS Version Check
03:08:01.61 Send = dmidecode -s bios-version
03:08:01.61 Rece = 
5.12

03:08:01.61 Version number 5.12 is matched to 5.12
03:08:01.61 Tester => OK: BIOS Version Check
03:08:01.61 ##############################################################
03:08:01.61 Section: BMC Version Check
03:08:01.61 Send = ipmitool mc info
03:08:01.61 Rece = 
Device ID                 : 32
Device Revision           : 1
Firmware Revision         : 0.02
IPMI Version              : 2.0
Manufacturer ID           : 6305
Manufacturer Name         : Unknown (0x18A1)
Product ID                : 32 (0x0020)
Product Name              : Unknown (0x20)
Device Available          : yes
Provides Device SDRs      : no
Additional Device Support :
    Sensor Device
    SDR Repository Device
    SEL Device
    FRU Inventory Device
    IPMB Event Receiver
    IPMB Event Generator
    Chassis Device
Aux Firmware Rev Info     : 
    0x0a
    0x91
    0x00
    0x01
03:08:01.63 Version number 0.02 is matched to 0.02
03:08:01.63 Tester => OK: BMC Version Check
03:08:01.63 ##############################################################
03:08:01.63 Section: Program BMC MAC and FRU
03:08:01.63 Send = ipmitool raw 0x06 0x52 0x0D 0xA0 0x00 0x1C 0x00 0x01 0x40 0xD4 0xF5 0x12 0x9D 0x00 0x00 0x01 0x40 0xD4 0xF5 0x12 0x9E 0x00 0x00
03:08:01.63 Rece = 

03:08:01.65 Send = ipmitool mc reset cold
03:08:01.65 Rece = 
Sent cold reset command to MC
03:08:26.70 Send = ipmitool lan print 1
03:08:26.70 Rece = 
Set in Progress         : Set Complete
Auth Type Support       : MD5
Auth Type Enable        : Callback : MD5
                        : User     : MD5 
                        : Operator : MD5 
                        : Admin    : MD5 
                        : OEM      : MD5 
IP Address Source       : DHCP Address
IP Address              : 0.0.0.0
Subnet Mask             : 0.0.0.0
MAC Address             : 01:40:d4:f5:12:9d
SNMP Community String   : AMI
IP Header               : TTL=0x40 Flags=0x40 Precedence=0x00 TOS=0x10
BMC ARP Control         : ARP Responses Enabled, Gratuitous ARP Disabled
Gratituous ARP Intrvl   : 0.0 seconds
Default Gateway IP      : 0.0.0.0
Default Gateway MAC     : 00:00:00:00:00:00
Backup Gateway IP       : 0.0.0.0
Backup Gateway MAC      : 00:00:00:00:00:00
802.1q VLAN ID          : Disabled
802.1q VLAN Priority    : 0
RMCP+ Cipher Suites     : 0,1,2,3,6,7,8,11,12,15,16,17
Cipher Suite Priv Max   : caaaaaaaaaaaXXX
                        :     X=Cipher Suite Unused
                        :     c=CALLBACK
                        :     u=USER
                        :     o=OPERATOR
                        :     a=ADMIN
                        :     O=OEM
03:08:26.77 Send = ipmitool lan print 8
03:08:26.77 Rece = 
Set in Progress         : Set Complete
Auth Type Support       : MD5
Auth Type Enable        : Callback : MD5 
                        : User     : MD5 
                        : Operator : MD5 
                        : Admin    : MD5 
                        : OEM      : MD5 
IP Address Source       : DHCP Address
IP Address              : 0.0.0.0
Subnet Mask             : 0.0.0.0
MAC Address             : 01:40:d4:f5:12:9e
SNMP Community String   : AMI
IP Header               : TTL=0x40 Flags=0x40 Precedence=0x00 TOS=0x10
BMC ARP Control         : ARP Responses Enabled, Gratuitous ARP Disabled
Gratituous ARP Intrvl   : 0.0 seconds
Default Gateway IP      : 0.0.0.0
Default Gateway MAC     : 00:00:00:00:00:00
Backup Gateway IP       : 0.0.0.0
Backup Gateway MAC      : 00:00:00:00:00:00
802.1q VLAN ID          : Disabled
802.1q VLAN Priority    : 0
RMCP+ Cipher Suites     : 0,1,2,3,6,7,8,11,12,15,16,17
Cipher Suite Priv Max   : caaaaaaaaaaaXXX
                        :     X=Cipher Suite Unused
                        :     c=CALLBACK
                        :     u=USER
                        :     o=OPERATOR
                        :     a=ADMIN
                        :     O=OEM
03:08:26.83 Send = ipmitool raw 0x0a 0x12 0x00 0x00 0x00 0x01 0x00 0x00 0x00 0x00 0x00 0x00 0xff
03:08:26.83 Rece = 
 08
03:08:26.88 Send = ipmitool raw 0x0a 0x12 0x01 0x00 0x00 0x01 0x00 0x00 0x00 0x00 0x01 0x00 0xFE 0xC1 0x82 0x00 0x00 0xBD
03:08:26.88 Rece = 
 0d
03:08:26.91 Send = ipmitool raw 0x0a 0x11 0x00 0x00 0x00 0x08
03:08:26.91 Rece = 
 08 01 00 00 00 00 00 00 ff
03:08:26.94 Send = ipmitool raw 0x0a 0x11 0x01 0x00 0x00 0x0D
03:08:26.94 Rece = 
 0d 01 00 00 00 00 01 00 fe c1 82 00 00 bd
03:08:26.96 Tester => OK: Program BMC MAC and FRU
03:08:26.96 ##############################################################
03:08:26.96 Section: Status, ID and Fault LEDs Check
03:08:30.73 ID Blue LED Check Pass
03:08:30.73 Send = ipmitool raw 00 04 00 01
03:08:30.73 Rece = 

03:08:31.95 Fault Yellow LED Check Pass
03:08:31.95 Send = ipmitool raw 00 04 00 00
03:08:31.95 Rece = 

03:08:32.95 Fault Yellow LED Check Pass
03:08:32.95 Tester => OK: ID Blue and Fault Yellow LEDs
03:08:32.95 ##############################################################
03:08:32.95 Section: USB Check
03:08:32.95 Send = /root/CBFT/tools/storage-tool-64 -pciid 8086:a1af -usbpath 0:2:1.0 -devicecount 1 -action info
03:08:32.95 Rece = 
Storage test tool
Version 2.5 Copyright Flextronics Penang

  Error: Failed sg_scan -i
Error: Failed to discover devices
03:08:32.96 Send = /root/CBFT/tools/storage-tool-64 -pciid 8086:a1af -usbpath 0:3:1.0 -devicecount 1 -action info
03:08:32.96 Rece = 
Storage test tool
Version 2.5 Copyright Flextronics Penang

  Error: Failed sg_scan -i
Error: Failed to discover devices
03:08:32.97 Send = /root/CBFT/tools/storage-tool-64 -pciid 8086:a1af -usbpath 0:4:1.0 -devicecount 1 -action info
03:08:32.97 Rece = 
Storage test tool
Version 2.5 Copyright Flextronics Penang

  Error: Failed sg_scan -i
Error: Failed to discover devices
03:08:35.74 Send = /root/CBFT/tools/storage-tool-64 -pciid 8086:a1af -usbpath 0:2:1.0 -devicecount 1 -action info
03:08:35.74 Rece = 
Storage test tool
Version 2.5 Copyright Flextronics Penang

  Error: Failed sg_scan -i
Error: Failed to discover devices
03:08:35.75 Send = /root/CBFT/tools/storage-tool-64 -pciid 8086:a1af -usbpath 0:3:1.0 -devicecount 1 -action info
03:08:35.75 Rece = 
Storage test tool
Version 2.5 Copyright Flextronics Penang

  Error: Failed sg_scan -i
Error: Failed to discover devices
03:08:35.76 Send = /root/CBFT/tools/storage-tool-64 -pciid 8086:a1af -usbpath 0:4:1.0 -devicecount 1 -action info
03:08:35.76 Rece = 
Storage test tool
Version 2.5 Copyright Flextronics Penang

  Error: Failed sg_scan -i
Error: Failed to discover devices
03:08:36.75 Send = /root/CBFT/tools/storage-tool-64 -pciid 8086:a1af -usbpath 0:2:1.0 -devicecount 1 -action info
03:08:36.75 Rece = 
Storage test tool
Version 2.5 Copyright Flextronics Penang

  Error: Failed sg_scan -i
Error: Failed to discover devices
03:08:36.76 Send = /root/CBFT/tools/storage-tool-64 -pciid 8086:a1af -usbpath 0:3:1.0 -devicecount 1 -action info
03:08:36.76 Rece = 
Storage test tool
Version 2.5 Copyright Flextronics Penang

  Error: Failed sg_scan -i
Error: Failed to discover devices
03:08:36.77 Send = /root/CBFT/tools/storage-tool-64 -pciid 8086:a1af -usbpath 0:4:1.0 -devicecount 1 -action info
03:08:36.77 Rece = 
Storage test tool
Version 2.5 Copyright Flextronics Penang

  Error: Failed sg_scan -i
Error: Failed to discover devices
03:08:37.51 Send = /root/CBFT/tools/storage-tool-64 -pciid 8086:a1af -usbpath 0:2:1.0 -devicecount 1 -action info
03:08:37.51 Rece = 
Storage test tool
Version 2.5 Copyright Flextronics Penang

  Error: Failed sg_scan -i
Error: Failed to discover devices
03:08:37.52 Send = /root/CBFT/tools/storage-tool-64 -pciid 8086:a1af -usbpath 0:3:1.0 -devicecount 1 -action info
03:08:37.52 Rece = 
Storage test tool
Version 2.5 Copyright Flextronics Penang

  Error: Failed sg_scan -i
Error: Failed to discover devices
03:08:37.53 Send = /root/CBFT/tools/storage-tool-64 -pciid 8086:a1af -usbpath 0:4:1.0 -devicecount 1 -action info
03:08:37.53 Rece = 
Storage test tool
Version 2.5 Copyright Flextronics Penang

  Error: Failed sg_scan -i
Error: Failed to discover devices
03:08:38.21 Send = /root/CBFT/tools/storage-tool-64 -pciid 8086:a1af -usbpath 0:2:1.0 -devicecount 1 -action info
03:08:38.21 Rece = 
Storage test tool
Version 2.5 Copyright Flextronics Penang

  Error: Failed sg_scan -i
Error: Failed to discover devices
03:08:38.22 Send = /root/CBFT/tools/storage-tool-64 -pciid 8086:a1af -usbpath 0:3:1.0 -devicecount 1 -action info
03:08:38.22 Rece = 
Storage test tool
Version 2.5 Copyright Flextronics Penang

  Error: Failed sg_scan -i
Error: Failed to discover devices
03:08:38.23 Send = /root/CBFT/tools/storage-tool-64 -pciid 8086:a1af -usbpath 0:4:1.0 -devicecount 1 -action info
03:08:38.23 Rece = 
Storage test tool
Version 2.5 Copyright Flextronics Penang

  Error: Failed sg_scan -i
Error: Failed to discover devices
03:08:38.24 USB1 Not Found
03:08:38.24 USB2 Not Found
03:08:38.24 USB3 Not Found
