                                
                                
Station: localhost.localdomain
Date   : 2017-10-17 03:04:23
Version: V0.0.00(BFT1-EVT)
                                
03:04:23.79 ##############################################################
03:04:23.79 Section: Set Sati System and HW Clock
03:04:23.80 Month/Day/Hour/Minute/Year : 101703042017
03:04:23.80 Send = 
03:04:23.80 Rece = 

03:04:23.80 Send = date 101703042017
03:04:23.80 Rece = 
Tue Oct 17 03:04:00 EDT 2017

03:04:00.00 Send = hwclock --systohc --utc
03:04:00.00 Rece = 

03:04:00.50 Tester Chk => OK: Set Sati System and HW Clock
03:04:00.50 ##############################################################
03:04:00.50 Section: Bmc Sel Clear
03:04:00.50 Send = ipmitool sel clear
03:04:00.50 Rece = 
Clearing SEL.  Please allow a few seconds to erase.

03:04:00.61 TestChk => PASS: Bmc Sel Clear
03:04:00.61 ##############################################################
03:04:00.61 Section: BIOS Version Check
03:04:00.61 Send = dmidecode -s bios-version
03:04:00.61 Rece = 
5.12

03:04:00.61 Version number 5.12 is matched to 5.12
03:04:00.61 Tester => OK: BIOS Version Check
03:04:00.61 ##############################################################
03:04:00.61 Section: BMC Version Check
03:04:00.62 Send = ipmitool mc info
03:04:00.62 Rece = 
Device ID                 : 32
Device Revision           : 1
Firmware Revision         : 0.02
IPMI Version              : 2.0
Manufacturer ID           : 6305
Manufacturer Name         : Unknown (0x18A1)
Product ID                : 32 (0x0020)
Product Name              : Unknown (0x20)
Device Available          : yes
Provides Device SDRs      : no
Additional Device Support :
    Sensor Device
    SDR Repository Device
    SEL Device
    FRU Inventory Device
    IPMB Event Receiver
    IPMB Event Generator
    Chassis Device
Aux Firmware Rev Info     : 
    0x0a
    0x91
    0x00
    0x01
03:04:00.63 Version number 0.02 is matched to 0.02
03:04:00.63 Tester => OK: BMC Version Check
03:04:00.63 ##############################################################
03:04:00.63 Section: Program BMC MAC and FRU
03:04:00.64 Send = ipmitool raw 0x06 0x52 0x0D 0xA0 0x00 0x1C 0x00 0x01 0x40 0xD4 0xF5 0x12 0x9D 0x00 0x00 0x01 0x40 0xD4 0xF5 0x12 0x9E 0x00 0x00
03:04:00.64 Rece = 

03:04:00.66 Send = ipmitool mc reset cold
03:04:00.66 Rece = 
Sent cold reset command to MC
