                                
                                
Station: localhost.localdomain
Date   : 1999-12-31 23:57:05
Version: V0.0.00(BFT1-EVT)
                                
23:57:05.20 ##############################################################
23:57:05.20 Section: Set Sati System and HW Clock
23:57:05.21 Month/Day/Hour/Minute/Year : 123123571999
23:57:05.21 Send = 
23:57:05.21 Rece = 

23:57:05.21 Send = date 123123571999
23:57:05.21 Rece = 
Fri Dec 31 23:57:00 EST 1999

23:57:00.00 Send = hwclock --systohc --utc
23:57:00.00 Rece = 

23:57:01.50 Tester Chk => OK: Set Sati System and HW Clock
23:57:01.50 ##############################################################
23:57:01.50 Section: Bmc Sel Clear
23:57:01.50 Send = ipmitool sel clear
23:57:01.50 Rece = 
Clearing SEL.  Please allow a few seconds to erase.

23:57:01.81 TestChk => PASS: Bmc Sel Clear
23:57:01.81 ##############################################################
23:57:01.81 Section: BIOS Version Check
23:57:01.82 Send = dmidecode -s bios-version
23:57:01.82 Rece = 
0.50

23:57:01.82 Version number 5.12 is not matched to 0.50
