                                
                                
Station: localhost.localdomain
Date   : 2000-01-01 14:23:29
Version: V0.0.00(BFT1-EVT)
                                
14:23:29.10 ##############################################################
14:23:29.10 Section: Set Sati System and HW Clock
14:23:29.10 Month/Day/Hour/Minute/Year : 010114232000
14:23:29.10 Send = 
14:23:29.10 Rece = 

14:23:29.10 Send = date 010114232000
14:23:29.10 Rece = 
Sat Jan  1 14:23:00 EST 2000

14:23:00.00 Send = hwclock --systohc --utc
14:23:00.00 Rece = 

14:23:01.50 Tester Chk => OK: Set Sati System and HW Clock
14:23:01.50 ##############################################################
14:23:01.50 Section: Bmc Sel Clear
14:23:01.50 Send = ipmitool sel clear
14:23:01.50 Rece = 
Clearing SEL.  Please allow a few seconds to erase.

14:23:01.64 TestChk => PASS: Bmc Sel Clear
14:23:01.64 ##############################################################
14:23:01.64 Section: BIOS Version Check
14:23:01.64 Send = dmidecode -s bios-version
14:23:01.64 Rece = 
0.50

14:23:01.65 Version number 0.50 is matched to 0.50
14:23:01.65 Tester => OK: BIOS Version Check
14:23:01.65 ##############################################################
14:23:01.65 Section: BMC Version Check
14:23:01.65 Send = ipmitool mc info
14:23:01.65 Rece = 
Device ID                 : 32
Device Revision           : 1
Firmware Revision         : 0.60
IPMI Version              : 2.0
Manufacturer ID           : 6305
Manufacturer Name         : Unknown (0x18A1)
Product ID                : 32 (0x0020)
Product Name              : Unknown (0x20)
Device Available          : yes
Provides Device SDRs      : no
Additional Device Support :
    Sensor Device
    SDR Repository Device
    SEL Device
    FRU Inventory Device
    IPMB Event Receiver
    IPMB Event Generator
    Chassis Device
Aux Firmware Rev Info     : 
    0x0a
    0x91
    0x00
    0x01
14:23:01.67 Version number 0.60 is matched to 0.60
14:23:01.67 Tester => OK: BMC Version Check
14:23:01.67 ##############################################################
14:23:01.67 Section: Program BMC MAC and FRU
14:23:01.67 Send = ipmitool raw 0x06 0x52 0x0D 0xA0 0x00 0x1C 0x00 0x01 0x40 0xD4 0xF5 0x12 0x9D 0x00 0x00 0x01 0x40 0xD4 0xF5 0x12 0x9E 0x00 0x00
14:23:01.67 Rece = 

14:23:01.69 Send = ipmitool mc reset cold
14:23:01.69 Rece = 
Sent cold reset command to MC
14:23:26.74 Send = ipmitool lan print 1
14:23:26.74 Rece = 
Set in Progress         : Set Complete
Auth Type Support       : MD5
Auth Type Enable        : Callback : MD5 
                        : User     : MD5 
                        : Operator : MD5 
                        : Admin    : MD5 
                        : OEM      : MD5 
IP Address Source       : DHCP Address
IP Address              : 0.0.0.0
Subnet Mask             : 0.0.0.0
MAC Address             : 01:40:d4:f5:12:9d
SNMP Community String   : AMI
IP Header               : TTL=0x40 Flags=0x40 Precedence=0x00 TOS=0x10
BMC ARP Control         : ARP Responses Enabled, Gratuitous ARP Disabled
Gratituous ARP Intrvl   : 0.0 seconds
Default Gateway IP      : 0.0.0.0
Default Gateway MAC     : 00:00:00:00:00:00
Backup Gateway IP       : 0.0.0.0
Backup Gateway MAC      : 00:00:00:00:00:00
802.1q VLAN ID          : Disabled
802.1q VLAN Priority    : 0
RMCP+ Cipher Suites     : 0,1,2,3,6,7,8,11,12,15,16,17
Cipher Suite Priv Max   : caaaaaaaaaaaXXX
                        :     X=Cipher Suite Unused
                        :     c=CALLBACK
                        :     u=USER
                        :     o=OPERATOR
                        :     a=ADMIN
                        :     O=OEM
14:23:28.16 Send = ipmitool lan print 8
14:23:28.16 Rece = 
Set in Progress         : Set Complete
Auth Type Support       : MD5 
Auth Type Enable        : Callback : MD5 
                        : User     : MD5 
                        : Operator : MD5 
                        : Admin    : MD5 
                        : OEM      : MD5 
IP Address Source       : DHCP Address
IP Address              : 0.0.0.0
Subnet Mask             : 0.0.0.0
MAC Address             : 01:40:d4:f5:12:9e
SNMP Community String   : AMI
IP Header               : TTL=0x40 Flags=0x40 Precedence=0x00 TOS=0x10
BMC ARP Control         : ARP Responses Enabled, Gratuitous ARP Disabled
Gratituous ARP Intrvl   : 0.0 seconds
Default Gateway IP      : 0.0.0.0
Default Gateway MAC     : 00:00:00:00:00:00
Backup Gateway IP       : 0.0.0.0
Backup Gateway MAC      : 00:00:00:00:00:00
802.1q VLAN ID          : Disabled
802.1q VLAN Priority    : 0
RMCP+ Cipher Suites     : 0,1,2,3,6,7,8,11,12,15,16,17
Cipher Suite Priv Max   : caaaaaaaaaaaXXX
                        :     X=Cipher Suite Unused
                        :     c=CALLBACK
                        :     u=USER
                        :     o=OPERATOR
                        :     a=ADMIN
                        :     O=OEM
14:23:28.28 Send = ipmitool raw 0x0a 0x12 0x00 0x00 0x00 0x01 0x00 0x00 0x00 0x00 0x00 0x00 0xff
14:23:28.29 Rece = 
 08
14:23:28.32 Send = ipmitool raw 0x0a 0x12 0x01 0x00 0x00 0x01 0x00 0x00 0x00 0x00 0x01 0x00 0xFE 0xC1 0x82 0x00 0x00 0xBD
14:23:28.32 Rece = 
 0d
14:23:28.36 Send = ipmitool raw 0x0a 0x11 0x00 0x00 0x00 0x08
14:23:28.36 Rece = 
 08 01 00 00 00 00 00 00 ff
14:23:28.38 Send = ipmitool raw 0x0a 0x11 0x01 0x00 0x00 0x0D
14:23:28.38 Rece = 
 0d 01 00 00 00 00 01 00 fe c1 82 00 00 bd
14:23:28.39 Tester => OK: Program BMC MAC and FRU
14:23:28.39 ##############################################################
14:23:28.39 Section: Status, ID and Fault LEDs Check
14:23:31.29 ID Blue LED Check Pass
14:23:31.30 Send = ipmitool raw 00 04 00 01
14:23:31.30 Rece = 

14:23:32.65 Fault Yellow LED Check Pass
14:23:32.65 Send = ipmitool raw 00 04 00 00
14:23:32.65 Rece = 

14:23:33.87 Fault Yellow LED Check Pass
14:23:33.87 Tester => OK: ID Blue and Fault Yellow LEDs
14:23:33.87 ##############################################################
14:23:33.87 Section: USB Check
14:23:33.87 Send = /root/CBFT/tools/storage-tool-64 -pciid 8086:a1af -usbpath 0:2:1.0 -devicecount 1 -action info
14:23:33.87 Rece = 
Storage test tool
Version 2.5 Copyright Flextronics Penang

  Error: Failed sg_scan -i
Error: Failed to discover devices
14:23:33.88 Send = /root/CBFT/tools/storage-tool-64 -pciid 8086:a1af -usbpath 0:3:1.0 -devicecount 1 -action info
14:23:33.88 Rece = 
Storage test tool
Version 2.5 Copyright Flextronics Penang

  Error: Failed sg_scan -i
Error: Failed to discover devices
14:23:33.89 Send = /root/CBFT/tools/storage-tool-64 -pciid 8086:a1af -usbpath 0:4:1.0 -devicecount 1 -action info
14:23:33.89 Rece = 
Storage test tool
Version 2.5 Copyright Flextronics Penang

  Error: Failed sg_scan -i
Error: Failed to discover devices
14:23:47.32 Send = /root/CBFT/tools/storage-tool-64 -pciid 8086:a1af -usbpath 0:2:1.0 -devicecount 1 -action info
14:23:47.32 Rece = 
Storage test tool
Version 2.5 Copyright Flextronics Penang

  Error: Failed sg_scan -i
Error: Failed to discover devices
14:23:47.33 Send = /root/CBFT/tools/storage-tool-64 -pciid 8086:a1af -usbpath 0:3:1.0 -devicecount 1 -action info
14:23:47.33 Rece = 
Storage test tool
Version 2.5 Copyright Flextronics Penang

  Error: Failed sg_scan -i
Error: Failed to discover devices
14:23:47.34 Send = /root/CBFT/tools/storage-tool-64 -pciid 8086:a1af -usbpath 0:4:1.0 -devicecount 1 -action info
14:23:47.34 Rece = 
Storage test tool
Version 2.5 Copyright Flextronics Penang

  Error: Failed sg_scan -i
Error: Failed to discover devices
14:23:50.96 Send = /root/CBFT/tools/storage-tool-64 -pciid 8086:a1af -usbpath 0:2:1.0 -devicecount 1 -action info
14:23:50.96 Rece = 
Storage test tool
Version 2.5 Copyright Flextronics Penang

  Error: Failed sg_scan -i
Error: Failed to discover devices
14:23:50.97 Send = /root/CBFT/tools/storage-tool-64 -pciid 8086:a1af -usbpath 0:3:1.0 -devicecount 1 -action info
14:23:50.97 Rece = 
Storage test tool
Version 2.5 Copyright Flextronics Penang

  Error: Failed sg_scan -i
Error: Failed to discover devices
14:23:50.98 Send = /root/CBFT/tools/storage-tool-64 -pciid 8086:a1af -usbpath 0:4:1.0 -devicecount 1 -action info
14:23:50.98 Rece = 
Storage test tool
Version 2.5 Copyright Flextronics Penang

  Error: Failed sg_scan -i
Error: Failed to discover devices
14:23:51.71 Send = /root/CBFT/tools/storage-tool-64 -pciid 8086:a1af -usbpath 0:2:1.0 -devicecount 1 -action info
14:23:51.71 Rece = 
Storage test tool
Version 2.5 Copyright Flextronics Penang

  Error: Failed sg_scan -i
Error: Failed to discover devices
14:23:51.72 Send = /root/CBFT/tools/storage-tool-64 -pciid 8086:a1af -usbpath 0:3:1.0 -devicecount 1 -action info
14:23:51.72 Rece = 
Storage test tool
Version 2.5 Copyright Flextronics Penang

  Error: Failed sg_scan -i
Error: Failed to discover devices
14:23:51.73 Send = /root/CBFT/tools/storage-tool-64 -pciid 8086:a1af -usbpath 0:4:1.0 -devicecount 1 -action info
14:23:51.73 Rece = 
Storage test tool
Version 2.5 Copyright Flextronics Penang

  Error: Failed sg_scan -i
Error: Failed to discover devices
14:23:52.42 Send = /root/CBFT/tools/storage-tool-64 -pciid 8086:a1af -usbpath 0:2:1.0 -devicecount 1 -action info
14:23:52.42 Rece = 
Storage test tool
Version 2.5 Copyright Flextronics Penang

  Error: Failed sg_scan -i
Error: Failed to discover devices
14:23:52.43 Send = /root/CBFT/tools/storage-tool-64 -pciid 8086:a1af -usbpath 0:3:1.0 -devicecount 1 -action info
14:23:52.43 Rece = 
Storage test tool
Version 2.5 Copyright Flextronics Penang

  Error: Failed sg_scan -i
Error: Failed to discover devices
14:23:52.43 Send = /root/CBFT/tools/storage-tool-64 -pciid 8086:a1af -usbpath 0:4:1.0 -devicecount 1 -action info
14:23:52.44 Rece = 
Storage test tool
Version 2.5 Copyright Flextronics Penang

  Error: Failed sg_scan -i
Error: Failed to discover devices
14:23:52.44 USB1 Not Found
14:23:52.44 USB2 Not Found
14:23:52.44 USB3 Not Found
