                                
                                
Station: localhost.localdomain
Date   : 2000-01-01 08:05:26
Version: V0.0.00(BFT1-EVT)
                                
08:05:26.18 ##############################################################
08:05:26.18 Section: Program BMC MAC and FRU
08:05:26.19 Send = ipmitool raw 0x06 0x52 0x0D 0xA0 0x00 0x1C 0x00 0x14 0x0D 0x4F 0x51 0x29 0x7B 0x00 0x00 0x14 0x0D 0x4F 0x51 0x29 0x7C 0x00 0x00
08:05:26.19 Rece = 

08:05:26.22 Send = ipmitool mc reset cold
08:05:26.22 Rece = 
Sent cold reset command to MC
08:06:01.29 Send = ipmitool lan print 1
08:06:01.29 Rece = 
Set in Progress         : Set Complete
Auth Type Support       : MD5
Auth Type Enable        : Callback : MD5 
                        : User     : MD5 
                        : Operator : MD5 
                        : Admin    : MD5 
                        : OEM      : MD5 
IP Address Source       : DHCP Address
IP Address              : 0.0.0.0
Subnet Mask             : 0.0.0.0
MAC Address             : 14:0d:4f:51:29:7b
SNMP Community String   : AMI
IP Header               : TTL=0x40 Flags=0x40 Precedence=0x00 TOS=0x10
BMC ARP Control         : ARP Responses Enabled, Gratuitous ARP Disabled
Gratituous ARP Intrvl   : 0.0 seconds
Default Gateway IP      : 0.0.0.0
Default Gateway MAC     : 00:00:00:00:00:00
Backup Gateway IP       : 0.0.0.0
Backup Gateway MAC      : 00:00:00:00:00:00
802.1q VLAN ID          : Disabled
802.1q VLAN Priority    : 0
RMCP+ Cipher Suites     : 0,1,2,3,6,7,8,11,12,15,16,17
Cipher Suite Priv Max   : caaaaaaaaaaaXXX
                        :     X=Cipher Suite Unused
                        :     c=CALLBACK
                        :     u=USER
                        :     o=OPERATOR
                        :     a=ADMIN
                        :     O=OEM
08:06:01.51 Send = ipmitool lan print 8
08:06:01.51 Rece = 
Set in Progress         : Set Complete
Auth Type Support       : MD5 
Auth Type Enable        : Callback : MD5 
                        : User     : MD5 
                        : Operator : MD5 
                        : Admin    : MD5 
                        : OEM      : MD5 
IP Address Source       : DHCP Address
IP Address              : 0.0.0.0
Subnet Mask             : 0.0.0.0
MAC Address             : 14:0d:4f:51:29:7c
SNMP Community String   : AMI
IP Header               : TTL=0x40 Flags=0x40 Precedence=0x00 TOS=0x10
BMC ARP Control         : ARP Responses Enabled, Gratuitous ARP Disabled
Gratituous ARP Intrvl   : 0.0 seconds
Default Gateway IP      : 0.0.0.0
Default Gateway MAC     : 00:00:00:00:00:00
Backup Gateway IP       : 0.0.0.0
Backup Gateway MAC      : 00:00:00:00:00:00
802.1q VLAN ID          : Disabled
802.1q VLAN Priority    : 0
RMCP+ Cipher Suites     : 0,1,2,3,6,7,8,11,12,15,16,17
Cipher Suite Priv Max   : caaaaaaaaaaaXXX
                        :     X=Cipher Suite Unused
                        :     c=CALLBACK
                        :     u=USER
                        :     o=OPERATOR
                        :     a=ADMIN
                        :     O=OEM
08:06:01.66 Send = ipmitool raw 0x0a 0x12 0x00 0x00 0x00 0x01 0x00 0x00 0x00 0x00 0x00 0x00 0xff
08:06:01.66 Rece = 
 08
08:06:01.70 Send = ipmitool raw 0x0a 0x12 0x01 0x00 0x00 0x01 0x00 0x00 0x00 0x00 0x01 0x00 0xFE 0xC1 0x82 0x00 0x00 0xBD
08:06:01.70 Rece = 
 0d
08:06:01.74 Send = ipmitool raw 0x0a 0x11 0x00 0x00 0x00 0x08
08:06:01.74 Rece = 
 08 01 00 00 00 00 00 00 ff

08:06:01.77 Send = ipmitool raw 0x0a 0x11 0x01 0x00 0x00 0x0D
08:06:01.77 Rece = 
 0d 01 00 00 00 00 01 00 fe c1 82 00 00 bd

08:06:01.79 Tester => OK: Program BMC MAC and FRU
08:06:01.80 ##############################################################
08:06:01.81 Section: USB Check
08:06:01.81 Send = /root/CBFT/tools/storage-tool-64 -pciid 8086:a1af -usbpath 0:2:1.0 -devicecount 1 -action info
08:06:01.81 Rece = 
Storage test tool
Version 2.5 Copyright Flextronics Penang

Device info for /dev/sg0
  Removable
  Host#=0
  Bus#=0
  SCSI Id#=0
  LUN#=0
  Type=0
  Size=15502147584 bytes, 14784.0 MiB, 15.50 GB
  Block device=/dev/sda
  Vendor=Kingston
  Product=DataTraveler 3.0
  Revision=PMAP
  Serial number=9B41D4E08409
  Controller=Intel Corporation Lewisburg USB 3.0 xHCI Controller
  Controller PCI vendorID:deviceID=8086:a1af
  Controller PCI path=0000:00:14.0
  Controller USB path=0:2:1.0
  Controller SCSI path=0:0:0:0
****************************
*** Device count matches ***
****************************
08:06:01.99 Send = /root/CBFT/tools/storage-tool-64 -pciid 8086:a1af -usbpath 0:3:1.0 -devicecount 1 -action info
08:06:01.99 Rece = 
Storage test tool
Version 2.5 Copyright Flextronics Penang

Device info for /dev/sg1
  Removable
  Host#=1
  Bus#=0
  SCSI Id#=0
  LUN#=0
  Type=0
  Size=15502147584 bytes, 14784.0 MiB, 15.50 GB
  Block device=/dev/sdb
  Vendor=Kingston
  Product=DataTraveler 3.0
  Revision=PMAP
  Serial number=9B41D4E08409
  Controller=Intel Corporation Lewisburg USB 3.0 xHCI Controller
  Controller PCI vendorID:deviceID=8086:a1af
  Controller PCI path=0000:00:14.0
  Controller USB path=0:3:1.0
  Controller SCSI path=0:0:0:0
****************************
*** Device count matches ***
****************************
08:06:02.16 Send = /root/CBFT/tools/storage-tool-64 -pciid 8086:a1af -usbpath 0:4:1.0 -devicecount 1 -action info
08:06:02.16 Rece = 
Storage test tool
Version 2.5 Copyright Flextronics Penang

Device info for /dev/sg2
  Removable
  Host#=2
  Bus#=0
  SCSI Id#=0
  LUN#=0
  Type=0
  Size=15502147584 bytes, 14784.0 MiB, 15.50 GB
  Block device=/dev/sdc
  Vendor=Kingston
  Product=DataTraveler 3.0
  Revision=PMAP
  Serial number=1BC164F06459
  Controller=Intel Corporation Lewisburg USB 3.0 xHCI Controller
  Controller PCI vendorID:deviceID=8086:a1af
  Controller PCI path=0000:00:14.0
  Controller USB path=0:4:1.0
  Controller SCSI path=0:0:0:0
****************************
*** Device count matches ***
****************************
08:06:02.33 Tester Chk => OK: USB Verify
08:06:02.33 ##############################################################
08:06:02.33 Subsection: Interpose1_Storage1_Ctrl Speed and Width Check
08:06:02.33 Send = lspci -s 18:00.0 -vvn
08:06:02.33 Rece = 

