                                
                                
Station: localhost.localdomain
Date   : 2000-01-01 18:10:02
Version: V0.0.00(BFT1-EVT)
                                
18:10:02.11 ##############################################################
18:10:02.11 Section: Set Sati System and HW Clock
18:10:02.11 Month/Day/Hour/Minute/Year : 010118102000
18:10:02.12 Send = 
18:10:02.12 Rece = 

18:10:02.12 Send = date 010118102000
18:10:02.12 Rece = 
Sat Jan  1 18:10:00 EST 2000

18:10:00.00 Send = hwclock --systohc --utc
18:10:00.00 Rece = 

18:10:01.50 Tester Chk => OK: Set Sati System and HW Clock
18:10:01.50 ##############################################################
18:10:01.50 Section: Bmc Sel Clear
18:10:01.50 Send = ipmitool sel clear
18:10:01.50 Rece = 
Clearing SEL.  Please allow a few seconds to erase.

18:10:01.85 TestChk => PASS: Bmc Sel Clear
18:10:01.85 ##############################################################
18:10:01.85 Section: BIOS Version Check
18:10:01.85 Send = dmidecode -s bios-version
18:10:01.85 Rece = 
0.50

18:10:01.85 Version number 0.50 is matched to 0.50
18:10:01.85 Tester => OK: BIOS Version Check
18:10:01.85 ##############################################################
18:10:01.85 Section: BMC Version Check
18:10:01.85 Send = ipmitool mc info
18:10:01.85 Rece = 
Device ID                 : 32
Device Revision           : 1
Firmware Revision         : 0.60
IPMI Version              : 2.0
Manufacturer ID           : 6305
Manufacturer Name         : Unknown (0x18A1)
Product ID                : 32 (0x0020)
Product Name              : Unknown (0x20)
Device Available          : yes
Provides Device SDRs      : no
Additional Device Support :
    Sensor Device
    SDR Repository Device
    SEL Device
    FRU Inventory Device
    IPMB Event Receiver
    IPMB Event Generator
    Chassis Device
Aux Firmware Rev Info     : 
    0x0a
    0x91
    0x00
    0x01
18:10:01.87 Version number 0.60 is matched to 0.60
18:10:01.87 Tester => OK: BMC Version Check
18:10:01.87 ##############################################################
18:10:01.87 Section: Program BMC MAC and FRU
18:10:01.87 Send = ipmitool raw 0x06 0x52 0x0D 0xA0 0x00 0x1C 0x00 0x14 0x0D 0x4F 0x51 0x29 0x9B 0x00 0x00 0x14 0x0D 0x4F 0x51 0x29 0x9C 0x00 0x00
18:10:01.87 Rece = 

18:10:01.90 Send = ipmitool mc reset cold
18:10:01.90 Rece = 
Sent cold reset command to MC

