                                
                                
Station: localhost.localdomain
Date   : 2000-01-01 08:26:29
Version: V0.0.00(BFT1-EVT)
                                
08:26:29.53 ##############################################################
08:26:29.53 Section: Set Sati System and HW Clock
08:26:29.53 Month/Day/Hour/Minute/Year : 010108262000
08:26:29.54 Send = 
08:26:29.54 Rece = 

08:26:29.54 Send = date 010108262000
08:26:29.54 Rece = 
Sat Jan  1 08:26:00 CST 2000

08:26:00.00 Send = hwclock --systohc --utc
08:26:00.00 Rece = 

08:26:00.50 Tester Chk => OK: Set Sati System and HW Clock
08:26:00.50 ##############################################################
08:26:00.50 Section: Bmc Sel Clear
08:26:00.51 Send = ipmitool sel clear
08:26:00.51 Rece = 
Clearing SEL.  Please allow a few seconds to erase.

08:26:00.65 TestChk => PASS: Bmc Sel Clear
08:26:00.65 ##############################################################
08:26:00.65 Section: BIOS Version Check
08:26:00.65 Send = dmidecode -s bios-version
08:26:00.65 Rece = 
0.50

08:26:00.65 Version number 0.50 is matched to 0.50
08:26:00.65 Tester => OK: BIOS Version Check
08:26:00.65 ##############################################################
08:26:00.65 Section: BMC Version Check
08:26:00.66 Send = ipmitool mc info
08:26:00.66 Rece = 
Device ID                 : 32
Device Revision           : 1
Firmware Revision         : 0.50
IPMI Version              : 2.0
Manufacturer ID           : 6305
Manufacturer Name         : Unknown (0x18A1)
Product ID                : 32 (0x0020)
Product Name              : Unknown (0x20)
Device Available          : yes
Provides Device SDRs      : no
Additional Device Support :
    Sensor Device
    SDR Repository Device
    SEL Device
    FRU Inventory Device
    IPMB Event Receiver
    IPMB Event Generator
    Chassis Device
Aux Firmware Rev Info     : 
    0x0a
    0x91
    0x00
    0x01
08:26:00.68 Version number 0.60 is not matched to 0.50
08:26:00.68 TestEnd => ErrorCode=30011: Version_Fail
08:26:00.68 Tester => Test Fail: Section: BMC Version Check
