                                
                                
Station: localhost.localdomain
Date   : 2000-01-01 14:47:44
Version: V0.0.00(BFT1-EVT)
                                
14:47:44.29 ##############################################################
14:47:44.29 Section: Set Sati System and HW Clock
14:47:44.30 Month/Day/Hour/Minute/Year : 010114472000
14:47:44.30 Send = 
14:47:44.30 Rece = 

14:47:44.30 Send = date 010114472000
14:47:44.30 Rece = 
Sat Jan  1 14:47:00 EST 2000

14:47:00.00 Send = hwclock --systohc --utc
14:47:00.00 Rece = 

14:47:01.50 Tester Chk => OK: Set Sati System and HW Clock
14:47:01.50 ##############################################################
14:47:01.50 Section: Bmc Sel Clear
14:47:01.50 Send = ipmitool sel clear
14:47:01.50 Rece = 
Clearing SEL.  Please allow a few seconds to erase.

14:47:01.63 TestChk => PASS: Bmc Sel Clear
14:47:01.64 ##############################################################
14:47:01.64 Section: BIOS Version Check
14:47:01.64 Send = dmidecode -s bios-version
14:47:01.64 Rece = 
0.50

14:47:01.64 Version number 0.50 is matched to 0.50
14:47:01.64 Tester => OK: BIOS Version Check
14:47:01.64 ##############################################################
14:47:01.64 Section: BMC Version Check
14:47:01.64 Send = ipmitool mc info
14:47:01.64 Rece = 
Device ID                 : 32
Device Revision           : 1
Firmware Revision         : 0.60
IPMI Version              : 2.0
Manufacturer ID           : 6305
Manufacturer Name         : Unknown (0x18A1)
Product ID                : 32 (0x0020)
Product Name              : Unknown (0x20)
Device Available          : yes
Provides Device SDRs      : no
Additional Device Support :
    Sensor Device
    SDR Repository Device
    SEL Device
    FRU Inventory Device
    IPMB Event Receiver
    IPMB Event Generator
    Chassis Device
Aux Firmware Rev Info     : 
    0x0a
    0x91
    0x00
    0x01
14:47:01.66 Version number 0.60 is matched to 0.60
14:47:01.66 Tester => OK: BMC Version Check
14:47:01.67 ##############################################################
14:47:01.67 Section: Program BMC MAC and FRU
14:47:01.67 Send = ipmitool raw 0x06 0x52 0x0D 0xA0 0x00 0x1C 0x00 0x01 0x40 0xD4 0xF5 0x12 0x9D 0x00 0x00 0x01 0x40 0xD4 0xF5 0x12 0x9E 0x00 0x00
14:47:01.67 Rece = 

14:47:01.72 Send = ipmitool mc reset cold
14:47:01.72 Rece = 
Sent cold reset command to MC
14:47:26.77 Send = ipmitool lan print 1
14:47:26.77 Rece = 
Get Device ID command failed: 0xff Unspecified error
Invalid channel: 1
14:47:30.37 TestEnd => ErrorCode=90001: Program_Bmc_Mac1_Fail
14:47:30.37 Tester => Test Fail: Section: Program BMC MAC and FRU
14:47:33.65 ##############################################################
Cannonball BFT: FAIL ErrorCode=90001
