                                
                                
Station: localhost.localdomain
Date   : 2000-01-01 08:27:33
Version: V0.0.00(BFT1-EVT)
                                
08:27:33.91 ##############################################################
08:27:33.91 Section: Set Sati System and HW Clock
08:27:33.92 Month/Day/Hour/Minute/Year : 010108272000
08:27:33.92 Send = 
08:27:33.92 Rece = 

08:27:33.92 Send = date 010108272000
08:27:33.92 Rece = 
Sat Jan  1 08:27:00 CST 2000
08:27:00.00 Send = hwclock --systohc --utc
08:27:00.00 Rece = 

08:27:00.50 Tester Chk => OK: Set Sati System and HW Clock
08:27:00.50 ##############################################################
08:27:00.50 Section: Bmc Sel Clear
08:27:00.50 Send = ipmitool sel clear
08:27:00.50 Rece = 
Clearing SEL.  Please allow a few seconds to erase.

08:27:00.63 TestChk => PASS: Bmc Sel Clear
08:27:00.63 ##############################################################
08:27:00.63 Section: BIOS Version Check
08:27:00.63 Send = dmidecode -s bios-version
08:27:00.63 Rece = 
0.50

08:27:00.64 Version number 0.50 is matched to 0.50
08:27:00.64 Tester => OK: BIOS Version Check
08:27:00.64 ##############################################################
08:27:00.64 Section: BMC Version Check
08:27:00.64 Send = ipmitool mc info
08:27:00.64 Rece = 
Device ID                 : 32
Device Revision           : 1
Firmware Revision         : 0.50
IPMI Version              : 2.0
Manufacturer ID           : 6305
Manufacturer Name         : Unknown (0x18A1)
Product ID                : 32 (0x0020)
Product Name              : Unknown (0x20)
Device Available          : yes
Provides Device SDRs      : no
Additional Device Support :
    Sensor Device
    SDR Repository Device
    SEL Device
    FRU Inventory Device
    IPMB Event Receiver
    IPMB Event Generator
    Chassis Device
Aux Firmware Rev Info     : 
    0x0a
    0x91
    0x00
    0x01
08:27:00.66 Version number 0.60 is not matched to 0.50
08:27:00.66 TestEnd => ErrorCode=30011: Version_Fail
08:27:00.66 Tester => Test Fail: Section: BMC Version Check
08:28:26.42 ##############################################################
Cannonball BFT: FAIL ErrorCode=30011
